<?xml version="1.0" encoding="UTF-8"?>
<!-- Generated by org.testng.reporters.JUnitXMLReporter -->
<testsuite hostname="Admin-PC" ignored="0" name="PlatformTest" tests="5" failures="0" timestamp="01 Dec 2017 18:42:22 GMT" time="51.17" errors="0">
  <testcase name="checkUserDatabase" time="0.86" classname="PlatformTesting.com.platform.org.VerifyLoginTest"/>
  <testcase name="checkvalidLogin" time="17.214" classname="PlatformTesting.com.platform.org.VerifyLoginTest"/>
  <testcase name="checkvalidUser" time="7.833" classname="PlatformTesting.com.platform.org.VerifyLoginTest"/>
  <testcase name="registerUser" time="13.918" classname="PlatformTesting.com.platform.org.VerifyLoginTest"/>
  <testcase name="checkPersonabarSettings" time="11.313" classname="PlatformTesting.com.platform.org.PersonabarPageTest"/>
</testsuite> <!-- PlatformTest -->
