<?xml version="1.0" encoding="UTF-8"?>
<!-- Generated by org.testng.reporters.JUnitXMLReporter -->
<testsuite hostname="Admin-PC" ignored="0" name="PlatformTest" tests="4" failures="0" timestamp="06 Dec 2017 03:53:56 GMT" time="33.952" errors="0">
  <testcase name="checkvalidUser" time="6.665" classname="PlatformTesting.com.platform.org.VerifyLoginTest"/>
  <testcase name="checkvalidLogin" time="6.086" classname="PlatformTesting.com.platform.org.VerifyLoginTest"/>
  <testcase name="registerUser" time="8.396" classname="PlatformTesting.com.platform.org.VerifyLoginTest"/>
  <testcase name="PersonabarCreatePage" time="12.111" classname="PlatformTesting.com.platform.org.PersonabarPageTest"/>
</testsuite> <!-- PlatformTest -->
