<?xml version="1.0" encoding="UTF-8"?>
<!-- Generated by org.testng.reporters.JUnitXMLReporter -->
<testsuite hostname="Admin-PC" ignored="0" name="Default test" tests="4" failures="0" timestamp="27 Nov 2017 00:49:51 GMT" time="32.052" errors="0">
  <testcase name="checkvalidUser" time="10.172" classname="PlatformTesting.com.platform.org.VerifyLoginTest"/>
  <testcase name="checkvalidLogin" time="11.799" classname="PlatformTesting.com.platform.org.VerifyLoginTest"/>
  <testcase name="registerUser" time="9.483" classname="PlatformTesting.com.platform.org.VerifyLoginTest"/>
  <testcase name="checkUserDatabase" time="0.573" classname="PlatformTesting.com.platform.org.VerifyLoginTest"/>
</testsuite> <!-- Default test -->
